<?xml version="1.0" encoding="UTF-8"?>
<!-- Generated by org.testng.reporters.JUnitReportReporter -->
<testsuite hostname="DESKTOP-6RVAL7M" failures="0" tests="2" name="Test.ExtentReportsDemoWithTestNG" time="2.613" errors="0" timestamp="28 Apr 2019 17:06:15 GMT" skipped="0">
  <testcase classname="Test.ExtentReportsDemoWithTestNG" name="test2" time="0.004"/>
  <testcase classname="Test.ExtentReportsDemoWithTestNG" name="test1" time="2.609"/>
</testsuite> <!-- Test.ExtentReportsDemoWithTestNG -->
