<?xml version="1.0" encoding="UTF-8"?>
<!-- Generated by org.testng.reporters.JUnitReportReporter -->
<testsuite hostname="DESKTOP-6RVAL7M" failures="0" tests="1" name="Test.TestNG_Demo2" time="3.592" errors="0" timestamp="28 Apr 2019 21:47:33 GMT" skipped="0">
  <testcase classname="Test.TestNG_Demo2" name="googleSearch2" time="3.592"/>
</testsuite> <!-- Test.TestNG_Demo2 -->
